# JRE version: OpenJDK Runtime Environment (11.0.12+7) (build 11.0.12+7-b1504.28-7817840)
# Java VM: OpenJDK 64-Bit Server VM (11.0.12+7-b1504.28-7817840, mixed mode, tiered, compressed oops, g1 gc, windows-amd64)
Heap:
 garbage-first heap   total 273408K, used 128000K [0x0000000080000000, 0x0000000100000000)
  region size 1024K, 11 young (11264K), 8 survivors (8192K)
 Metaspace       used 95801K, capacity 98234K, committed 98508K, reserved 1134592K
  class space    used 12615K, capacity 13489K, committed 13568K, reserved 1048576K
GC Heap History (20 events):
Event: 9.760 GC heap before
{Heap before GC invocations=10 (full 0):
 garbage-first heap   total 157696K, used 97392K [0x0000000080000000, 0x0000000100000000)
  region size 1024K, 77 young (78848K), 9 survivors (9216K)
 Metaspace       used 46354K, capacity 47457K, committed 47564K, reserved 1091584K
  class space    used 5971K, capacity 6370K, committed 6400K, reserved 1048576K
}
Event: 9.784 GC heap after
{Heap after GC invocations=11 (full 0):
 garbage-first heap   total 157696K, used 29998K [0x0000000080000000, 0x0000000100000000)
  region size 1024K, 3 young (3072K), 3 survivors (3072K)
 Metaspace       used 46354K, capacity 47457K, committed 47564K, reserved 1091584K
  class space    used 5971K, capacity 6370K, committed 6400K, reserved 1048576K
}
Event: 11.931 GC heap before
{Heap before GC invocations=11 (full 0):
 garbage-first heap   total 157696K, used 114990K [0x0000000080000000, 0x0000000100000000)
  region size 1024K, 83 young (84992K), 3 survivors (3072K)
 Metaspace       used 51460K, capacity 52698K, committed 52940K, reserved 1095680K
  class space    used 6579K, capacity 7080K, committed 7168K, reserved 1048576K
}
Event: 11.952 GC heap after
{Heap after GC invocations=12 (full 0):
 garbage-first heap   total 189440K, used 43008K [0x0000000080000000, 0x0000000100000000)
  region size 1024K, 11 young (11264K), 11 survivors (11264K)
 Metaspace       used 51460K, capacity 52698K, committed 52940K, reserved 1095680K
  class space    used 6579K, capacity 7080K, committed 7168K, reserved 1048576K
}
Event: 13.218 GC heap before
{Heap before GC invocations=12 (full 0):
 garbage-first heap   total 189440K, used 90112K [0x0000000080000000, 0x0000000100000000)
  region size 1024K, 58 young (59392K), 11 survivors (11264K)
 Metaspace       used 58809K, capacity 60205K, committed 60236K, reserved 1101824K
  class space    used 7492K, capacity 8041K, committed 8064K, reserved 1048576K
}
Event: 13.246 GC heap after
{Heap after GC invocations=13 (full 0):
 garbage-first heap   total 189440K, used 45842K [0x0000000080000000, 0x0000000100000000)
  region size 1024K, 3 young (3072K), 3 survivors (3072K)
 Metaspace       used 58809K, capacity 60205K, committed 60236K, reserved 1101824K
  class space    used 7492K, capacity 8041K, committed 8064K, reserved 1048576K
}
Event: 14.773 GC heap before
{Heap before GC invocations=14 (full 0):
 garbage-first heap   total 189440K, used 121618K [0x0000000080000000, 0x0000000100000000)
  region size 1024K, 76 young (77824K), 3 survivors (3072K)
 Metaspace       used 65313K, capacity 66803K, committed 67020K, reserved 1107968K
  class space    used 8335K, capacity 8925K, committed 8960K, reserved 1048576K
}
Event: 14.795 GC heap after
{Heap after GC invocations=15 (full 0):
 garbage-first heap   total 189440K, used 50726K [0x0000000080000000, 0x0000000100000000)
  region size 1024K, 8 young (8192K), 8 survivors (8192K)
 Metaspace       used 65313K, capacity 66803K, committed 67020K, reserved 1107968K
  class space    used 8335K, capacity 8925K, committed 8960K, reserved 1048576K
}
Event: 16.281 GC heap before
{Heap before GC invocations=16 (full 0):
 garbage-first heap   total 189440K, used 126502K [0x0000000080000000, 0x0000000100000000)
  region size 1024K, 82 young (83968K), 8 survivors (8192K)
 Metaspace       used 70844K, capacity 72450K, committed 72524K, reserved 1112064K
  class space    used 9222K, capacity 9818K, committed 9856K, reserved 1048576K
}
Event: 16.302 GC heap after
{Heap after GC invocations=17 (full 0):
 garbage-first heap   total 189440K, used 56085K [0x0000000080000000, 0x0000000100000000)
  region size 1024K, 11 young (11264K), 11 survivors (11264K)
 Metaspace       used 70844K, capacity 72450K, committed 72524K, reserved 1112064K
  class space    used 9222K, capacity 9818K, committed 9856K, reserved 1048576K
}
Event: 18.098 GC heap before
{Heap before GC invocations=17 (full 0):
 garbage-first heap   total 189440K, used 132885K [0x0000000080000000, 0x0000000100000000)
  region size 1024K, 86 young (88064K), 11 survivors (11264K)
 Metaspace       used 78370K, capacity 80167K, committed 80332K, reserved 1118208K
  class space    used 10254K, capacity 10925K, committed 11008K, reserved 1048576K
}
Event: 18.125 GC heap after
{Heap after GC invocations=18 (full 0):
 garbage-first heap   total 227328K, used 61601K [0x0000000080000000, 0x0000000100000000)
  region size 1024K, 11 young (11264K), 11 survivors (11264K)
 Metaspace       used 78370K, capacity 80167K, committed 80332K, reserved 1118208K
  class space    used 10254K, capacity 10925K, committed 11008K, reserved 1048576K
}
Event: 20.643 GC heap before
{Heap before GC invocations=18 (full 0):
 garbage-first heap   total 227328K, used 154785K [0x0000000080000000, 0x0000000100000000)
  region size 1024K, 103 young (105472K), 11 survivors (11264K)
 Metaspace       used 81663K, capacity 83725K, committed 84044K, reserved 1122304K
  class space    used 10728K, capacity 11536K, committed 11648K, reserved 1048576K
}
Event: 20.678 GC heap after
{Heap after GC invocations=19 (full 0):
 garbage-first heap   total 227328K, used 67983K [0x0000000080000000, 0x0000000100000000)
  region size 1024K, 12 young (12288K), 12 survivors (12288K)
 Metaspace       used 81663K, capacity 83725K, committed 84044K, reserved 1122304K
  class space    used 10728K, capacity 11536K, committed 11648K, reserved 1048576K
}
Event: 22.427 GC heap before
{Heap before GC invocations=19 (full 0):
 garbage-first heap   total 227328K, used 165263K [0x0000000080000000, 0x0000000100000000)
  region size 1024K, 108 young (110592K), 12 survivors (12288K)
 Metaspace       used 86560K, capacity 88772K, committed 88908K, reserved 1126400K
  class space    used 11289K, capacity 12100K, committed 12160K, reserved 1048576K
}
Event: 22.458 GC heap after
{Heap after GC invocations=20 (full 0):
 garbage-first heap   total 227328K, used 72415K [0x0000000080000000, 0x0000000100000000)
  region size 1024K, 11 young (11264K), 11 survivors (11264K)
 Metaspace       used 86560K, capacity 88772K, committed 88908K, reserved 1126400K
  class space    used 11289K, capacity 12100K, committed 12160K, reserved 1048576K
}
Event: 24.784 GC heap before
{Heap before GC invocations=20 (full 0):
 garbage-first heap   total 227328K, used 183007K [0x0000000080000000, 0x0000000100000000)
  region size 1024K, 107 young (109568K), 11 survivors (11264K)
 Metaspace       used 93347K, capacity 95697K, committed 95820K, reserved 1132544K
  class space    used 12297K, capacity 13142K, committed 13184K, reserved 1048576K
}
Event: 24.857 GC heap after
{Heap after GC invocations=21 (full 0):
 garbage-first heap   total 227328K, used 108023K [0x0000000080000000, 0x0000000100000000)
  region size 1024K, 14 young (14336K), 14 survivors (14336K)
 Metaspace       used 93347K, capacity 95697K, committed 95820K, reserved 1132544K
  class space    used 12297K, capacity 13142K, committed 13184K, reserved 1048576K
}
Event: 25.682 GC heap before
{Heap before GC invocations=21 (full 0):
 garbage-first heap   total 227328K, used 156151K [0x0000000080000000, 0x0000000100000000)
  region size 1024K, 61 young (62464K), 14 survivors (14336K)
 Metaspace       used 95642K, capacity 98072K, committed 98252K, reserved 1134592K
  class space    used 12595K, capacity 13475K, committed 13568K, reserved 1048576K
}
Event: 25.780 GC heap after
{Heap after GC invocations=22 (full 0):
 garbage-first heap   total 273408K, used 125952K [0x0000000080000000, 0x0000000100000000)
  region size 1024K, 8 young (8192K), 8 survivors (8192K)
 Metaspace       used 95642K, capacity 98072K, committed 98252K, reserved 1134592K
  class space    used 12595K, capacity 13475K, committed 13568K, reserved 1048576K
}

